                                                                                
                   Population Listing                9/13/2018                      
                                                                                
Town Number Town Name            County Number  Population                       
                                                                                
    1       Mansfield                  1           3,211                        
    2       Wellsboro                  1           3,275                        
    3       Blossburg                  1           1,509                        
                       County Population  1        7,995                         
                                                                                
    4       Coudersport                2           2,409                        
    5       Galeton                    2           1,109                        
                       County Population  2        3,518                         
                                                                                
                       County Population  6       11,513                         
                                                                                
    6       Williamsport               3          28,834                        
    7       Montoursville              3           4,514                        
    8       Hughsville                 3           2,084                        
    9       Muncy                      3           2,044                        
                       County Population  3       37,476                         
                                                                                
                       County Population  7       37,476                         
                                                                                
   10       WilkesBarre                4         563,631                        
   11       Dallas                     4           2,804                        
   12       Pittston                   4          18,497                        
   13       Wyoming                    4           3,073                        
   14       Larksville                 4           4,480                        
                       County Population  4      592,485                         
                                                                                
   15       Scranton                   5          77,291                        
   16       Blakely                    5           6,564                        
   17       Carbondale                 5           8,891                        
   18       Dunmore                    5          14,057                        
                       County Population  5      106,803                         
                                                                                
                       County Population  9      699,288                         
                                                                                
